<?xml version="1.0" encoding="UTF-8"?>
<!-- Generated by org.testng.reporters.JUnitReportReporter -->
<testsuite hostname="DESKTOP-BBDLB6E" failures="0" tests="8" name="Tutorial1.Demo2" time="0.059" errors="0" timestamp="2023-02-06T23:24:18 IST" skipped="0">
  <testcase classname="Tutorial1.Demo2" name="a3" time="0.007"/>
  <system-out/>
  <testcase classname="Tutorial1.Demo2" name="a6" time="0.007"/>
  <system-out/>
  <testcase classname="Tutorial1.Demo2" name="a1" time="0.016"/>
  <system-out/>
  <testcase classname="Tutorial1.Demo2" name="a4" time="0.005"/>
  <system-out/>
  <testcase classname="Tutorial1.Demo2" name="a7" time="0.008"/>
  <system-out/>
  <testcase classname="Tutorial1.Demo2" name="a8" time="0.008"/>
  <system-out/>
  <testcase classname="Tutorial1.Demo2" name="a2" time="0.002"/>
  <system-out/>
  <testcase classname="Tutorial1.Demo2" name="a5" time="0.006"/>
  <system-out/>
</testsuite> <!-- Tutorial1.Demo2 -->
