<?xml version="1.0" encoding="UTF-8"?>
<!-- Generated by org.testng.reporters.JUnitReportReporter -->
<testsuite hostname="DESKTOP-BBDLB6E" failures="0" tests="3" name="Tutorial1.Demo8" time="0.046" errors="0" timestamp="2023-02-07T17:20:14 IST" skipped="0">
  <testcase classname="Tutorial1.Demo8" name="login" time="0.016"/>
  <system-out/>
  <testcase classname="Tutorial1.Demo8" name="homepage" time="0.018"/>
  <system-out/>
  <testcase classname="Tutorial1.Demo8" name="contactpage" time="0.012"/>
  <system-out/>
</testsuite> <!-- Tutorial1.Demo8 -->
