<?xml version="1.0" encoding="UTF-8"?>
<!-- Generated by org.testng.reporters.JUnitReportReporter -->
<testsuite hostname="DESKTOP-BBDLB6E" failures="0" tests="3" name="Tutorial1.Demo13" time="0.023" errors="0" timestamp="2023-02-11T16:44:36 IST" skipped="1">
  <testcase classname="Tutorial1.Demo13" name="m4" time="0.006"/>
  <system-out/>
  <testcase classname="Tutorial1.Demo13" name="m2" time="0.017"/>
  <system-out/>
  <testcase classname="Tutorial1.Demo13" name="m1">
    <skipped/>
  </testcase> <!-- m1 -->
  <system-out/>
</testsuite> <!-- Tutorial1.Demo13 -->
