<?xml version="1.0" encoding="UTF-8"?>
<!-- Generated by org.testng.reporters.JUnitReportReporter -->
<testsuite hostname="DESKTOP-BBDLB6E" failures="0" tests="3" name="Tutorial1.Demo3" time="0.030" errors="0" timestamp="2022-11-25T16:40:45 IST" skipped="0">
  <testcase classname="Tutorial1.Demo3" name="a" time="0.008"/>
  <system-out/>
  <testcase classname="Tutorial1.Demo3" name="pqr" time="0.005"/>
  <system-out/>
  <testcase classname="Tutorial1.Demo3" name="xyz" time="0.017"/>
  <system-out/>
</testsuite> <!-- Tutorial1.Demo3 -->
