<?xml version="1.0" encoding="UTF-8"?>
<!-- Generated by org.testng.reporters.JUnitReportReporter -->
<testsuite hostname="DESKTOP-BBDLB6E" failures="0" tests="1" name="Tutorial1.Demo4" time="0.015" errors="0" timestamp="2023-02-21T18:25:05 IST" skipped="0">
  <testcase classname="Tutorial1.Demo4" name="d1" time="0.015"/>
  <system-out/>
</testsuite> <!-- Tutorial1.Demo4 -->
