<?xml version="1.0" encoding="UTF-8"?>
<!-- Generated by org.testng.reporters.JUnitReportReporter -->
<testsuite hostname="DESKTOP-BBDLB6E" failures="0" tests="1" name="Tutorial1.Demo6" time="0.029" errors="0" timestamp="2023-02-21T18:24:45 IST" skipped="0">
  <testcase classname="Tutorial1.Demo6" name="p1" time="0.029"/>
  <system-out/>
</testsuite> <!-- Tutorial1.Demo6 -->
