<?xml version="1.0" encoding="UTF-8"?>
<!-- Generated by org.testng.reporters.JUnitReportReporter -->
<testsuite hostname="DESKTOP-BBDLB6E" failures="0" tests="1" name="testLayer.LoginPage" time="14.146" errors="0" timestamp="2023-02-08T20:27:53 IST" skipped="0">
  <testcase classname="testLayer.LoginPage" name="loginPageInfo" time="14.146"/>
  <system-out/>
</testsuite> <!-- testLayer.LoginPage -->
