<?xml version="1.0" encoding="UTF-8"?>
<!-- Generated by org.testng.reporters.JUnitReportReporter -->
<testsuite hostname="DESKTOP-BBDLB6E" failures="0" tests="4" name="Tutorial1.Demo7" time="0.040" errors="0" timestamp="2023-02-07T15:17:31 IST" skipped="0">
  <testcase classname="Tutorial1.Demo7" name="setUp" time="0.025"/>
  <system-out/>
  <testcase classname="Tutorial1.Demo7" name="loginFunctionality" time="0.004"/>
  <system-out/>
  <testcase classname="Tutorial1.Demo7" name="validateUserOnPIMPage" time="0.006"/>
  <system-out/>
  <testcase classname="Tutorial1.Demo7" name="validateHomePage" time="0.005"/>
  <system-out/>
</testsuite> <!-- Tutorial1.Demo7 -->
