<?xml version="1.0" encoding="UTF-8"?>
<!-- Generated by org.testng.reporters.JUnitReportReporter -->
<testsuite hostname="DESKTOP-BBDLB6E" failures="0" tests="1" name="Tutorial1.Demo15" time="40.188" errors="0" timestamp="2023-02-22T16:11:39 IST" skipped="0">
  <testcase classname="Tutorial1.Demo15" name="fblogin" time="40.188"/>
  <system-out/>
</testsuite> <!-- Tutorial1.Demo15 -->
