<?xml version="1.0" encoding="UTF-8"?>
<!-- Generated by org.testng.reporters.JUnitReportReporter -->
<testsuite hostname="DESKTOP-BBDLB6E" failures="0" tests="1" name="Tutorial1.Demo9" time="30.824" errors="0" timestamp="2023-02-07T23:23:21 IST" skipped="0">
  <testcase classname="Tutorial1.Demo9" name="initialization" time="30.824"/>
  <system-out/>
</testsuite> <!-- Tutorial1.Demo9 -->
