<?xml version="1.0" encoding="UTF-8"?>
<!-- Generated by org.testng.reporters.JUnitReportReporter -->
<testsuite hostname="DESKTOP-BBDLB6E" failures="0" tests="3" name="Tutorial1.Demo14" time="47.885" errors="0" timestamp="2023-02-22T12:53:45 IST" skipped="0">
  <testcase classname="Tutorial1.Demo14" name="fblogin" time="12.667"/>
  <system-out/>
  <testcase classname="Tutorial1.Demo14" name="fblogin" time="22.856"/>
  <system-out/>
  <testcase classname="Tutorial1.Demo14" name="fblogin" time="12.362"/>
  <system-out/>
</testsuite> <!-- Tutorial1.Demo14 -->
