<?xml version="1.0" encoding="UTF-8"?>
<!-- Generated by org.testng.reporters.JUnitReportReporter -->
<testsuite hostname="DESKTOP-BBDLB6E" failures="0" tests="1" name="testLayer.HomePage" time="0.688" errors="0" timestamp="2023-02-08T20:27:53 IST" skipped="0">
  <testcase classname="testLayer.HomePage" name="validHomePageTitle" time="0.688"/>
  <system-out/>
</testsuite> <!-- testLayer.HomePage -->
