<?xml version="1.0" encoding="UTF-8"?>
<!-- Generated by org.testng.reporters.JUnitReportReporter -->
<testsuite hostname="DESKTOP-BBDLB6E" failures="0" tests="1" name="Tutorial1.Demo5" time="0.003" errors="0" timestamp="2023-02-21T18:25:05 IST" skipped="0">
  <testcase classname="Tutorial1.Demo5" name="s1" time="0.003"/>
  <system-out/>
</testsuite> <!-- Tutorial1.Demo5 -->
